{"C:\\Users\\user\\Downloads\\todo-app-in-native-master\\todo-app-in-native-master\\App.js": {"path":"C:\\Users\\user\\Downloads\\todo-app-in-native-master\\todo-app-in-native-master\\App.js","statementMap":{"0":{"start":{"line":15,"column":12},"end":{"line":156,"column":1}},"1":{"start":{"line":16,"column":34},"end":{"line":16,"column":46}},"2":{"start":{"line":17,"column":36},"end":{"line":17,"column":48}},"3":{"start":{"line":18,"column":28},"end":{"line":18,"column":40}},"4":{"start":{"line":21,"column":28},"end":{"line":67,"column":3}},"5":{"start":{"line":23,"column":4},"end":{"line":23,"column":23}},"6":{"start":{"line":24,"column":4},"end":{"line":66,"column":5}},"7":{"start":{"line":26,"column":6},"end":{"line":61,"column":11}},"8":{"start":{"line":29,"column":10},"end":{"line":55,"column":11}},"9":{"start":{"line":30,"column":12},"end":{"line":51,"column":13}},"10":{"start":{"line":32,"column":14},"end":{"line":45,"column":15}},"11":{"start":{"line":33,"column":41},"end":{"line":33,"column":55}},"12":{"start":{"line":34,"column":16},"end":{"line":34,"column":51}},"13":{"start":{"line":35,"column":16},"end":{"line":35,"column":47}},"14":{"start":{"line":36,"column":16},"end":{"line":38,"column":19}},"15":{"start":{"line":41,"column":16},"end":{"line":41,"column":55}},"16":{"start":{"line":42,"column":16},"end":{"line":44,"column":19}},"17":{"start":{"line":48,"column":14},"end":{"line":50,"column":17}},"18":{"start":{"line":53,"column":12},"end":{"line":53,"column":28}},"19":{"start":{"line":54,"column":12},"end":{"line":54,"column":25}},"20":{"start":{"line":58,"column":10},"end":{"line":60,"column":13}},"21":{"start":{"line":63,"column":6},"end":{"line":65,"column":9}},"22":{"start":{"line":71,"column":29},"end":{"line":80,"column":3}},"23":{"start":{"line":72,"column":27},"end":{"line":72,"column":43}},"24":{"start":{"line":73,"column":4},"end":{"line":73,"column":32}},"25":{"start":{"line":74,"column":4},"end":{"line":74,"column":20}},"26":{"start":{"line":75,"column":4},"end":{"line":79,"column":5}},"27":{"start":{"line":76,"column":31},"end":{"line":76,"column":45}},"28":{"start":{"line":77,"column":6},"end":{"line":77,"column":40}},"29":{"start":{"line":78,"column":6},"end":{"line":78,"column":37}},"30":{"start":{"line":84,"column":33},"end":{"line":99,"column":5}},"31":{"start":{"line":85,"column":2},"end":{"line":97,"column":14}},"32":{"start":{"line":86,"column":3},"end":{"line":93,"column":4}},"33":{"start":{"line":87,"column":25},"end":{"line":87,"column":39}},"34":{"start":{"line":88,"column":4},"end":{"line":88,"column":34}},"35":{"start":{"line":89,"column":4},"end":{"line":89,"column":31}},"36":{"start":{"line":90,"column":4},"end":{"line":92,"column":7}},"37":{"start":{"line":96,"column":14},"end":{"line":96,"column":59}},"38":{"start":{"line":101,"column":21},"end":{"line":119,"column":3}},"39":{"start":{"line":102,"column":4},"end":{"line":118,"column":11}},"40":{"start":{"line":107,"column":25},"end":{"line":107,"column":50}},"41":{"start":{"line":113,"column":25},"end":{"line":113,"column":52}},"42":{"start":{"line":121,"column":2},"end":{"line":155,"column":4}},"43":{"start":{"line":131,"column":34},"end":{"line":131,"column":51}},"44":{"start":{"line":151,"column":41},"end":{"line":151,"column":57}},"45":{"start":{"line":158,"column":15},"end":{"line":229,"column":2}}},"fnMap":{"0":{"name":"(anonymous_0)","decl":{"start":{"line":15,"column":12},"end":{"line":15,"column":13}},"loc":{"start":{"line":15,"column":18},"end":{"line":156,"column":1}},"line":15},"1":{"name":"(anonymous_1)","decl":{"start":{"line":21,"column":28},"end":{"line":21,"column":29}},"loc":{"start":{"line":21,"column":40},"end":{"line":67,"column":3}},"line":21},"2":{"name":"(anonymous_2)","decl":{"start":{"line":27,"column":14},"end":{"line":27,"column":15}},"loc":{"start":{"line":27,"column":26},"end":{"line":56,"column":9}},"line":27},"3":{"name":"(anonymous_3)","decl":{"start":{"line":57,"column":15},"end":{"line":57,"column":16}},"loc":{"start":{"line":57,"column":26},"end":{"line":61,"column":9}},"line":57},"4":{"name":"(anonymous_4)","decl":{"start":{"line":71,"column":29},"end":{"line":71,"column":30}},"loc":{"start":{"line":71,"column":40},"end":{"line":80,"column":3}},"line":71},"5":{"name":"(anonymous_5)","decl":{"start":{"line":84,"column":33},"end":{"line":84,"column":34}},"loc":{"start":{"line":84,"column":44},"end":{"line":99,"column":5}},"line":84},"6":{"name":"(anonymous_6)","decl":{"start":{"line":85,"column":47},"end":{"line":85,"column":48}},"loc":{"start":{"line":85,"column":57},"end":{"line":94,"column":3}},"line":85},"7":{"name":"(anonymous_7)","decl":{"start":{"line":95,"column":19},"end":{"line":95,"column":20}},"loc":{"start":{"line":95,"column":28},"end":{"line":97,"column":13}},"line":95},"8":{"name":"(anonymous_8)","decl":{"start":{"line":101,"column":21},"end":{"line":101,"column":22}},"loc":{"start":{"line":102,"column":4},"end":{"line":118,"column":11}},"line":102},"9":{"name":"(anonymous_9)","decl":{"start":{"line":107,"column":19},"end":{"line":107,"column":20}},"loc":{"start":{"line":107,"column":25},"end":{"line":107,"column":50}},"line":107},"10":{"name":"(anonymous_10)","decl":{"start":{"line":113,"column":19},"end":{"line":113,"column":20}},"loc":{"start":{"line":113,"column":25},"end":{"line":113,"column":52}},"line":113},"11":{"name":"(anonymous_11)","decl":{"start":{"line":131,"column":24},"end":{"line":131,"column":25}},"loc":{"start":{"line":131,"column":34},"end":{"line":131,"column":51}},"line":131},"12":{"name":"(anonymous_12)","decl":{"start":{"line":151,"column":24},"end":{"line":151,"column":25}},"loc":{"start":{"line":151,"column":41},"end":{"line":151,"column":57}},"line":151}},"branchMap":{"0":{"loc":{"start":{"line":29,"column":10},"end":{"line":55,"column":11}},"type":"if","locations":[{"start":{"line":29,"column":10},"end":{"line":55,"column":11}},{"start":{},"end":{}}],"line":29},"1":{"loc":{"start":{"line":30,"column":12},"end":{"line":51,"column":13}},"type":"if","locations":[{"start":{"line":30,"column":12},"end":{"line":51,"column":13}},{"start":{"line":46,"column":19},"end":{"line":51,"column":13}}],"line":30},"2":{"loc":{"start":{"line":32,"column":14},"end":{"line":45,"column":15}},"type":"if","locations":[{"start":{"line":32,"column":14},"end":{"line":45,"column":15}},{"start":{"line":39,"column":21},"end":{"line":45,"column":15}}],"line":32},"3":{"loc":{"start":{"line":75,"column":4},"end":{"line":79,"column":5}},"type":"if","locations":[{"start":{"line":75,"column":4},"end":{"line":79,"column":5}},{"start":{},"end":{}}],"line":75},"4":{"loc":{"start":{"line":86,"column":3},"end":{"line":93,"column":4}},"type":"if","locations":[{"start":{"line":86,"column":3},"end":{"line":93,"column":4}},{"start":{},"end":{}}],"line":86},"5":{"loc":{"start":{"line":136,"column":12},"end":{"line":138,"column":32}},"type":"cond-expr","locations":[{"start":{"line":137,"column":16},"end":{"line":137,"column":40}},{"start":{"line":138,"column":16},"end":{"line":138,"column":32}}],"line":136},"6":{"loc":{"start":{"line":136,"column":12},"end":{"line":136,"column":37}},"type":"binary-expr","locations":[{"start":{"line":136,"column":12},"end":{"line":136,"column":21}},{"start":{"line":136,"column":25},"end":{"line":136,"column":37}}],"line":136},"7":{"loc":{"start":{"line":141,"column":20},"end":{"line":141,"column":45}},"type":"binary-expr","locations":[{"start":{"line":141,"column":20},"end":{"line":141,"column":29}},{"start":{"line":141,"column":33},"end":{"line":141,"column":45}}],"line":141},"8":{"loc":{"start":{"line":144,"column":13},"end":{"line":144,"column":64}},"type":"cond-expr","locations":[{"start":{"line":144,"column":28},"end":{"line":144,"column":46}},{"start":{"line":144,"column":49},"end":{"line":144,"column":64}}],"line":144}},"s":{"0":1,"1":6,"2":5,"3":5,"4":5,"5":1,"6":1,"7":1,"8":1,"9":0,"10":0,"11":0,"12":0,"13":0,"14":0,"15":0,"16":0,"17":0,"18":0,"19":0,"20":1,"21":0,"22":5,"23":0,"24":0,"25":0,"26":0,"27":0,"28":0,"29":0,"30":5,"31":0,"32":0,"33":0,"34":0,"35":0,"36":0,"37":0,"38":5,"39":0,"40":0,"41":0,"42":5,"43":1,"44":0,"45":1},"f":{"0":6,"1":1,"2":1,"3":1,"4":0,"5":0,"6":0,"7":0,"8":0,"9":0,"10":0,"11":1,"12":0},"b":{"0":[0,0],"1":[0,0],"2":[0,0],"3":[0,0],"4":[0,0],"5":[4,1],"6":[5,4],"7":[5,4],"8":[0,5]},"_coverageSchema":"1a1c01bbd47fc00a2c39e90264f33305004495a9","hash":"892e48140c03e531022eda6698d6f72656c75139"}
}
