TN:
SF:App.js
FN:15,(anonymous_0)
FN:21,(anonymous_1)
FN:27,(anonymous_2)
FN:57,(anonymous_3)
FN:71,(anonymous_4)
FN:84,(anonymous_5)
FN:85,(anonymous_6)
FN:95,(anonymous_7)
FN:101,(anonymous_8)
FN:107,(anonymous_9)
FN:113,(anonymous_10)
FN:131,(anonymous_11)
FN:151,(anonymous_12)
FNF:13
FNH:5
FNDA:6,(anonymous_0)
FNDA:1,(anonymous_1)
FNDA:1,(anonymous_2)
FNDA:1,(anonymous_3)
FNDA:0,(anonymous_4)
FNDA:0,(anonymous_5)
FNDA:0,(anonymous_6)
FNDA:0,(anonymous_7)
FNDA:0,(anonymous_8)
FNDA:0,(anonymous_9)
FNDA:0,(anonymous_10)
FNDA:1,(anonymous_11)
FNDA:0,(anonymous_12)
DA:15,1
DA:16,6
DA:17,5
DA:18,5
DA:21,5
DA:23,1
DA:24,1
DA:26,1
DA:29,1
DA:30,0
DA:32,0
DA:33,0
DA:34,0
DA:35,0
DA:36,0
DA:41,0
DA:42,0
DA:48,0
DA:53,0
DA:54,0
DA:58,1
DA:63,0
DA:71,5
DA:72,0
DA:73,0
DA:74,0
DA:75,0
DA:76,0
DA:77,0
DA:78,0
DA:84,5
DA:85,0
DA:86,0
DA:87,0
DA:88,0
DA:89,0
DA:90,0
DA:96,0
DA:101,5
DA:102,0
DA:107,0
DA:113,0
DA:121,5
DA:131,1
DA:151,0
DA:158,1
LF:46
LH:16
BRDA:29,0,0,0
BRDA:29,0,1,0
BRDA:30,1,0,0
BRDA:30,1,1,0
BRDA:32,2,0,0
BRDA:32,2,1,0
BRDA:75,3,0,0
BRDA:75,3,1,0
BRDA:86,4,0,0
BRDA:86,4,1,0
BRDA:136,5,0,4
BRDA:136,5,1,1
BRDA:136,6,0,5
BRDA:136,6,1,4
BRDA:141,7,0,5
BRDA:141,7,1,4
BRDA:144,8,0,0
BRDA:144,8,1,5
BRF:18
BRH:7
end_of_record
